<?xml version="1.0" encoding="UTF-8"?>
<!-- Generated by org.testng.reporters.JUnitXMLReporter -->
<testsuite ignored="0" hostname="Fatima_Mulla" failures="0" tests="4" name="Test" time="9.918" errors="0" timestamp="2024-11-03T01:39:50 IST">
  <testcase classname="api.testcases.UserTest" name="testCreateUser" time="3.112"/>
  <testcase classname="api.testcases.UserTest" name="testGetUser" time="1.138"/>
  <testcase classname="api.testcases.UserTest" name="testUpdateUser" time="3.064"/>
  <testcase classname="api.testcases.UserTest" name="testDeleteUser" time="1.535"/>
</testsuite> <!-- Test -->
