<?xml version="1.0" encoding="UTF-8"?>
<!-- Generated by org.testng.reporters.JUnitXMLReporter -->
<testsuite ignored="0" hostname="Fatima_Mulla" failures="0" tests="4" name="Test" time="10.02" errors="0" timestamp="2024-11-03T02:25:19 IST">
  <testcase classname="api.testcases.UserTest" name="testCreateUser" time="3.78"/>
  <testcase classname="api.testcases.UserTest" name="testGetUser" time="1.138"/>
  <testcase classname="api.testcases.UserTest" name="testUpdateUser" time="2.76"/>
  <testcase classname="api.testcases.UserTest" name="testDeleteUser" time="1.329"/>
</testsuite> <!-- Test -->
